Arguments: 
  C:\Program Files\nodejs\node.exe C:\Users\Envy\AppData\Roaming\npm\node_modules\yarn\bin\yarn.js add --dev jest

PATH: 
  C:\WINDOWS\system32;C:\WINDOWS;C:\WINDOWS\System32\Wbem;C:\WINDOWS\System32\WindowsPowerShell\v1.0\;c:\Program Files (x86)\ATI Technologies\ATI.ACE\Core-Static;C:\ecl\home;C:\ecl\macros;C:\WINDOWS\System32\OpenSSH\;C:\Program Files (x86)\Microsoft SQL Server\100\Tools\Binn\;C:\Program Files\Microsoft SQL Server\100\Tools\Binn\;C:\Program Files\Microsoft SQL Server\100\DTS\Binn\;C:\Program Files (x86)\Microsoft SQL Server\100\Tools\Binn\VSShell\Common7\IDE\;C:\Program Files (x86)\Microsoft SQL Server\100\DTS\Binn\;C:\Program Files (x86)\HP\IdrsOCR_15.2.10.1114\;C:\Program Files\Intel\WiFi\bin\;C:\Program Files\Common Files\Intel\WirelessCommon\;C:\Program Files\Polyspace\R2020a\runtime\win64;C:\Program Files\Polyspace\R2020a\bin;C:\Program Files\Polyspace\R2020a\polyspace\bin;C:\Program Files\nodejs\;C:\Program Files\Git\cmd;C:\Users\Envy\AppData\Local\Microsoft\WindowsApps;C:\Users\Envy\AppData\Local\atom\bin;C:\Users\Envy\AppData\Local\Programs\Microsoft VS Code\bin;C:\Users\Envy\AppData\Local\hyper\app-3.0.2\resources\bin;C:\Users\Envy\AppData\Roaming\npm;C:\Users\Envy\AppData\Local\GitHubDesktop\bin

Yarn version: 
  1.22.11

Node version: 
  14.15.3

Platform: 
  win32 x64

Trace: 
  Error: https://registry.yarnpkg.com/core-js/-/core-js-2.6.12.tgz: ESOCKETTIMEDOUT
      at ClientRequest.<anonymous> (C:\Users\Envy\AppData\Roaming\npm\node_modules\yarn\lib\cli.js:141390:19)
      at Object.onceWrapper (events.js:421:28)
      at ClientRequest.emit (events.js:315:20)
      at TLSSocket.emitRequestTimeout (_http_client.js:784:9)
      at Object.onceWrapper (events.js:421:28)
      at TLSSocket.emit (events.js:327:22)
      at TLSSocket.Socket._onTimeout (net.js:483:8)
      at listOnTimeout (internal/timers.js:554:17)
      at processTimers (internal/timers.js:497:7)

npm manifest: 
  {
    "name": "webpack",
    "version": "1.0.0",
    "description": "",
    "private": true,
    "scripts": {
      "test": "jest --coverage",
      "start": "webpack serve --open",
      "build": "webpack"
    },
    "repository": {
      "type": "git",
      "url": "git+https://github.com/srizzuto/Webpack.git"
    },
    "keywords": [],
    "author": "",
    "license": "ISC",
    "bugs": {
      "url": "https://github.com/srizzuto/Webpack/issues"
    },
    "homepage": "https://github.com/srizzuto/Webpack#readme",
    "devDependencies": {
      "@babel/plugin-transform-modules-commonjs": "^7.15.0",
      "babel-eslint": "^10.1.0",
      "css-loader": "^6.2.0",
      "eslint": "^7.32.0",
      "eslint-config-airbnb-base": "^14.2.1",
      "eslint-plugin-import": "^2.24.2",
      "html-webpack-plugin": "^5.3.2",
      "jest": "^27.1.0",
      "style-loader": "^3.2.1",
      "stylelint": "^13.13.1",
      "stylelint-config-standard": "^21.0.0",
      "stylelint-csstree-validator": "^1.9.0",
      "stylelint-scss": "^3.20.1",
      "webpack": "^5.51.1",
      "webpack-cli": "^4.8.0",
      "webpack-dev-server": "^4.0.0"
    },
    "dependencies": {
      "babel": "^6.23.0",
      "babel-cli": "^6.26.0",
      "lodash": "^4.17.21"
    }
  }

yarn manifest: 
  No manifest

Lockfile: 
  No lockfile
